1675715886833	geckodriver	INFO	Listening on 127.0.0.1:42817
1675715886842	mozrunner::runner	INFO	Running command: "/usr/bin/firefox" "--marionette" "--remote-debugging-port" "49427" "--remote-allow-hosts" "localhost" "-no-remote" "-profile" "/tmp/rust_mozprofileTBFnFO"
ATTENTION: default value of option mesa_glthread overridden by environment.
ATTENTION: default value of option mesa_glthread overridden by environment.
ATTENTION: default value of option mesa_glthread overridden by environment.
ATTENTION: default value of option mesa_glthread overridden by environment.
1675715889071	Marionette	INFO	Marionette enabled
1675715889088	Marionette	INFO	Listening on port 33347
Read port: 33347
WebDriver BiDi listening on ws://127.0.0.1:49427
1675715889365	RemoteAgent	WARN	TLS certificate errors will be ignored for this session
console.warn: SearchSettings: "get: No settings file exists, new profile?" (new NotFoundError("Could not open the file at /tmp/rust_mozprofileTBFnFO/search.json.mozlz4", (void 0)))
DevTools listening on ws://127.0.0.1:49427/devtools/browser/5e333a4e-32b2-4430-9be0-ed42d4a71f2e
JavaScript error: https://media.ethicalads.io/media/client/v1.4.0/ethicalads.min.js, line 1: Error: No ad placements found.
JavaScript error: resource:///actors/FormValidationChild.sys.mjs, line 178: TypeError: this._element is null
1675730385469	geckodriver	INFO	Listening on 127.0.0.1:38507
1675730385980	mozrunner::runner	INFO	Running command: "/usr/bin/firefox" "--marionette" "--remote-debugging-port" "36845" "--remote-allow-hosts" "localhost" "-no-remote" "-profile" "/tmp/rust_mozprofileSNSZM7"
ATTENTION: default value of option mesa_glthread overridden by environment.
ATTENTION: default value of option mesa_glthread overridden by environment.
ATTENTION: default value of option mesa_glthread overridden by environment.
ATTENTION: default value of option mesa_glthread overridden by environment.
1675730388100	Marionette	INFO	Marionette enabled
1675730388110	Marionette	INFO	Listening on port 46245
Read port: 46245
WebDriver BiDi listening on ws://127.0.0.1:36845
1675730388362	RemoteAgent	WARN	TLS certificate errors will be ignored for this session
console.warn: SearchSettings: "get: No settings file exists, new profile?" (new NotFoundError("Could not open the file at /tmp/rust_mozprofileSNSZM7/search.json.mozlz4", (void 0)))
DevTools listening on ws://127.0.0.1:36845/devtools/browser/f43f8d3e-4cdb-46b7-9c95-e5a7ca94d529
1675730438561	geckodriver	INFO	Listening on 127.0.0.1:46831
1675730439068	mozrunner::runner	INFO	Running command: "/usr/bin/firefox" "--marionette" "--remote-debugging-port" "45661" "--remote-allow-hosts" "localhost" "-no-remote" "-profile" "/tmp/rust_mozprofileEM33dU"
ATTENTION: default value of option mesa_glthread overridden by environment.
ATTENTION: default value of option mesa_glthread overridden by environment.
ATTENTION: default value of option mesa_glthread overridden by environment.
ATTENTION: default value of option mesa_glthread overridden by environment.
1675730441174	Marionette	INFO	Marionette enabled
1675730441185	Marionette	INFO	Listening on port 41799
Read port: 41799
WebDriver BiDi listening on ws://127.0.0.1:45661
1675730441407	RemoteAgent	WARN	TLS certificate errors will be ignored for this session
console.warn: SearchSettings: "get: No settings file exists, new profile?" (new NotFoundError("Could not open the file at /tmp/rust_mozprofileEM33dU/search.json.mozlz4", (void 0)))
DevTools listening on ws://127.0.0.1:45661/devtools/browser/33b019ca-9fba-4bbd-81ad-665c6693cedc
console.warn: LoginRecipes: "Falling back to a synchronous message for: https://www.google.com.br."
console.error: (new TypeError("lazy.AsyncShutdown.profileBeforeChange is undefined", "resource://services-settings/Database.jsm", 510))
console.warn: LoginRecipes: "Falling back to a synchronous message for: https://www.google.com.br."
console.warn: LoginRecipes: "Falling back to a synchronous message for: https://www.google.com.br."
console.warn: LoginRecipes: "Falling back to a synchronous message for: https://www.escavador.com."
1675730647197	Marionette	INFO	Stopped listening on port 41799
console.warn: TopSitesFeed: Failed to fetch data from Contile server: NetworkError when attempting to fetch resource.
1675730655523	Marionette	INFO	Stopped listening on port 46245
console.warn: TopSitesFeed: Failed to fetch data from Contile server: NetworkError when attempting to fetch resource.
1675731631511	geckodriver	INFO	Listening on 127.0.0.1:40189
1675731632026	mozrunner::runner	INFO	Running command: "/usr/bin/firefox" "--marionette" "--remote-debugging-port" "60957" "--remote-allow-hosts" "localhost" "-no-remote" "-profile" "/tmp/rust_mozprofile7m48YO"
ATTENTION: default value of option mesa_glthread overridden by environment.
ATTENTION: default value of option mesa_glthread overridden by environment.
ATTENTION: default value of option mesa_glthread overridden by environment.
ATTENTION: default value of option mesa_glthread overridden by environment.
1675731634401	Marionette	INFO	Marionette enabled
1675731634410	Marionette	INFO	Listening on port 46663
Read port: 46663
WebDriver BiDi listening on ws://127.0.0.1:60957
1675731634700	RemoteAgent	WARN	TLS certificate errors will be ignored for this session
console.warn: SearchSettings: "get: No settings file exists, new profile?" (new NotFoundError("Could not open the file at /tmp/rust_mozprofile7m48YO/search.json.mozlz4", (void 0)))
DevTools listening on ws://127.0.0.1:60957/devtools/browser/906add95-d0f2-4570-93d1-690db01432f0
JavaScript warning: https://books.toscrape.com/static/oscar/js/jquery/jquery-1.9.1.min.js, line 2: Using //@ to indicate sourceMappingURL pragmas is deprecated. Use //# instead
JavaScript warning: https://books.toscrape.com/static/oscar/js/jquery/jquery-1.9.1.min.js, line 2: Using //@ to indicate sourceMappingURL pragmas is deprecated. Use //# instead
1675731664413	Marionette	INFO	Stopped listening on port 33347
console.warn: TopSitesFeed: Failed to fetch data from Contile server: NetworkError when attempting to fetch resource.
1675732242328	Marionette	INFO	Stopped listening on port 46663
console.warn: TopSitesFeed: Failed to fetch data from Contile server: NetworkError when attempting to fetch resource.
1675732255043	geckodriver	INFO	Listening on 127.0.0.1:43059
1675732255050	mozrunner::runner	INFO	Running command: "/usr/bin/firefox" "--marionette" "--remote-debugging-port" "47849" "--remote-allow-hosts" "localhost" "-no-remote" "-profile" "/tmp/rust_mozprofileHgRU6U"
ATTENTION: default value of option mesa_glthread overridden by environment.
ATTENTION: default value of option mesa_glthread overridden by environment.
ATTENTION: default value of option mesa_glthread overridden by environment.
ATTENTION: default value of option mesa_glthread overridden by environment.
1675732257025	Marionette	INFO	Marionette enabled
1675732257034	Marionette	INFO	Listening on port 41309
Read port: 41309
WebDriver BiDi listening on ws://127.0.0.1:47849
1675732257255	RemoteAgent	WARN	TLS certificate errors will be ignored for this session
console.warn: SearchSettings: "get: No settings file exists, new profile?" (new NotFoundError("Could not open the file at /tmp/rust_mozprofileHgRU6U/search.json.mozlz4", (void 0)))
DevTools listening on ws://127.0.0.1:47849/devtools/browser/80b8031f-8d3d-4f3c-b998-27b6e2467104
JavaScript warning: https://books.toscrape.com/static/oscar/js/jquery/jquery-1.9.1.min.js, line 2: Using //@ to indicate sourceMappingURL pragmas is deprecated. Use //# instead
JavaScript warning: https://books.toscrape.com/static/oscar/js/jquery/jquery-1.9.1.min.js, line 2: Using //@ to indicate sourceMappingURL pragmas is deprecated. Use //# instead
JavaScript warning: https://books.toscrape.com/static/oscar/js/jquery/jquery-1.9.1.min.js, line 2: Using //@ to indicate sourceMappingURL pragmas is deprecated. Use //# instead
JavaScript warning: https://books.toscrape.com/static/oscar/js/jquery/jquery-1.9.1.min.js, line 2: Using //@ to indicate sourceMappingURL pragmas is deprecated. Use //# instead
1675738895570	Marionette	INFO	Stopped listening on port 41309
console.warn: TopSitesFeed: Failed to fetch data from Contile server: NetworkError when attempting to fetch resource.
1675796083864	geckodriver	INFO	Listening on 127.0.0.1:39457
1675796084370	mozrunner::runner	INFO	Running command: "/usr/bin/firefox" "--marionette" "--remote-debugging-port" "41399" "--remote-allow-hosts" "localhost" "-no-remote" "-profile" "/tmp/rust_mozprofilehkOK9G"
ATTENTION: default value of option mesa_glthread overridden by environment.
ATTENTION: default value of option mesa_glthread overridden by environment.
ATTENTION: default value of option mesa_glthread overridden by environment.
ATTENTION: default value of option mesa_glthread overridden by environment.
1675796086305	Marionette	INFO	Marionette enabled
1675796086315	Marionette	INFO	Listening on port 34741
Read port: 34741
WebDriver BiDi listening on ws://127.0.0.1:41399
1675796086576	RemoteAgent	WARN	TLS certificate errors will be ignored for this session
console.warn: SearchSettings: "get: No settings file exists, new profile?" (new NotFoundError("Could not open the file at /tmp/rust_mozprofilehkOK9G/search.json.mozlz4", (void 0)))
DevTools listening on ws://127.0.0.1:41399/devtools/browser/a6f9edf0-d31f-4d2d-9d71-7201f469c7ea
JavaScript warning: https://books.toscrape.com/static/oscar/js/jquery/jquery-1.9.1.min.js, line 2: Using //@ to indicate sourceMappingURL pragmas is deprecated. Use //# instead
JavaScript warning: https://books.toscrape.com/static/oscar/js/jquery/jquery-1.9.1.min.js, line 2: Using //@ to indicate sourceMappingURL pragmas is deprecated. Use //# instead
JavaScript warning: https://books.toscrape.com/static/oscar/js/jquery/jquery-1.9.1.min.js, line 2: Using //@ to indicate sourceMappingURL pragmas is deprecated. Use //# instead
JavaScript warning: https://books.toscrape.com/static/oscar/js/jquery/jquery-1.9.1.min.js, line 2: Using //@ to indicate sourceMappingURL pragmas is deprecated. Use //# instead
